<?xml version="1.0" encoding="UTF-8"?>
<testsuite name="com.vir.service.impl.processor.SimpleTextProcessorServiceTest" time="0" tests="4" errors="0" skipped="4" failures="0">
  <properties>
[...]
</properties>
  <testcase name="process_WordDogWithCapitalLettersAndADot_ReturnsOneValue" classname="com.vir.service.impl.processor.SimpleTextProcessorServiceTest" time="0">
    <skipped/>
    <system-out><![CDATA[15:41:29.429 [main] DEBUG org.springframework.test.context.junit4.SpringJUnit4ClassRunner - SpringJUnit4ClassRunner constructor called with [class com.vir.service.impl.processor.SimpleTextProcessorServiceTest]
15:41:29.429 [main] DEBUG org.springframework.test.context.BootstrapUtils - Instantiating CacheAwareContextLoaderDelegate from class [org.springframework.test.context.cache.DefaultCacheAwareContextLoaderDelegate]
15:41:29.429 [main] DEBUG org.springframework.test.context.BootstrapUtils - Instantiating BootstrapContext using constructor [public org.springframework.test.context.support.DefaultBootstrapContext(java.lang.Class,org.springframework.test.context.CacheAwareContextLoaderDelegate)]
15:41:29.429 [main] DEBUG org.springframework.test.context.BootstrapUtils - Instantiating TestContextBootstrapper for test class [com.vir.service.impl.processor.SimpleTextProcessorServiceTest] from class [org.springframework.boot.test.context.SpringBootTestContextBootstrapper]
15:41:29.429 [main] INFO org.springframework.boot.test.context.SpringBootTestContextBootstrapper - Neither @ContextConfiguration nor @ContextHierarchy found for test class [com.vir.service.impl.processor.SimpleTextProcessorServiceTest], using SpringBootContextLoader
15:41:29.430 [main] DEBUG org.springframework.test.context.support.AbstractContextLoader - Did not detect default resource location for test class [com.vir.service.impl.processor.SimpleTextProcessorServiceTest]: class path resource [com/vir/service/impl/processor/SimpleTextProcessorServiceTest-context.xml] does not exist
15:41:29.430 [main] DEBUG org.springframework.test.context.support.AbstractContextLoader - Did not detect default resource location for test class [com.vir.service.impl.processor.SimpleTextProcessorServiceTest]: class path resource [com/vir/service/impl/processor/SimpleTextProcessorServiceTestContext.groovy] does not exist
15:41:29.430 [main] INFO org.springframework.test.context.support.AbstractContextLoader - Could not detect default resource locations for test class [com.vir.service.impl.processor.SimpleTextProcessorServiceTest]: no resource found for suffixes {-context.xml, Context.groovy}.
15:41:29.430 [main] INFO org.springframework.test.context.support.AnnotationConfigContextLoaderUtils - Could not detect default configuration classes for test class [com.vir.service.impl.processor.SimpleTextProcessorServiceTest]: SimpleTextProcessorServiceTest does not declare any static, non-private, non-final, nested classes annotated with @Configuration.
15:41:29.434 [main] DEBUG org.springframework.core.env.StandardEnvironment - Adding [systemProperties] PropertySource with lowest search precedence
15:41:29.434 [main] DEBUG org.springframework.core.env.StandardEnvironment - Adding [systemEnvironment] PropertySource with lowest search precedence
15:41:29.435 [main] DEBUG org.springframework.core.env.StandardEnvironment - Initialized StandardEnvironment with PropertySources [systemProperties,systemEnvironment]
15:41:29.435 [main] INFO org.springframework.boot.test.context.SpringBootTestContextBootstrapper - Found @SpringBootConfiguration com.vir.VirBackendApplication for test class com.vir.service.impl.processor.SimpleTextProcessorServiceTest
15:41:29.435 [main] DEBUG org.springframework.boot.test.context.SpringBootTestContextBootstrapper - @TestExecutionListeners is not present for class [com.vir.service.impl.processor.SimpleTextProcessorServiceTest]: using defaults.
15:41:29.437 [main] INFO org.springframework.boot.test.context.SpringBootTestContextBootstrapper - Loaded default TestExecutionListener class names from location [META-INF/spring.factories]: [org.springframework.boot.test.mock.mockito.MockitoTestExecutionListener, org.springframework.boot.test.mock.mockito.ResetMocksTestExecutionListener, org.springframework.boot.test.autoconfigure.restdocs.RestDocsTestExecutionListener, org.springframework.boot.test.autoconfigure.web.client.MockRestServiceServerResetTestExecutionListener, org.springframework.boot.test.autoconfigure.web.servlet.MockMvcPrintOnlyOnFailureTestExecutionListener, org.springframework.boot.test.autoconfigure.web.servlet.WebDriverTestExecutionListener, org.springframework.test.context.web.ServletTestExecutionListener, org.springframework.test.context.support.DirtiesContextBeforeModesTestExecutionListener, org.springframework.test.context.support.DependencyInjectionTestExecutionListener, org.springframework.test.context.support.DirtiesContextTestExecutionListener, org.springframework.test.context.transaction.TransactionalTestExecutionListener, org.springframework.test.context.jdbc.SqlScriptsTestExecutionListener]
15:41:29.440 [main] INFO org.springframework.boot.test.context.SpringBootTestContextBootstrapper - Using TestExecutionListeners: [org.springframework.test.context.web.ServletTestExecutionListener@7eb01b12, org.springframework.test.context.support.DirtiesContextBeforeModesTestExecutionListener@2f4854d6, org.springframework.boot.test.autoconfigure.SpringBootDependencyInjectionTestExecutionListener@61d9efe0, org.springframework.test.context.support.DirtiesContextTestExecutionListener@7e70bd39, org.springframework.test.context.transaction.TransactionalTestExecutionListener@e6516e, org.springframework.test.context.jdbc.SqlScriptsTestExecutionListener@6de54b40, org.springframework.boot.test.autoconfigure.web.servlet.MockMvcPrintOnlyOnFailureTestExecutionListener@43ed0ff3, org.springframework.boot.test.autoconfigure.restdocs.RestDocsTestExecutionListener@388ffbc2, org.springframework.boot.test.mock.mockito.MockitoTestExecutionListener@a50b09c, org.springframework.boot.test.autoconfigure.web.client.MockRestServiceServerResetTestExecutionListener@4da855dd, org.springframework.boot.test.autoconfigure.web.servlet.WebDriverTestExecutionListener@6691490c, org.springframework.boot.test.mock.mockito.ResetMocksTestExecutionListener@2187fff7]
15:41:29.441 [main] DEBUG org.springframework.test.annotation.ProfileValueUtils - Retrieved @ProfileValueSourceConfiguration [null] for test class [com.vir.service.impl.processor.SimpleTextProcessorServiceTest]
15:41:29.441 [main] DEBUG org.springframework.test.annotation.ProfileValueUtils - Retrieved ProfileValueSource type [class org.springframework.test.annotation.SystemProfileValueSource] for class [com.vir.service.impl.processor.SimpleTextProcessorServiceTest]
15:41:29.441 [main] DEBUG org.springframework.test.annotation.ProfileValueUtils - Retrieved @ProfileValueSourceConfiguration [null] for test class [com.vir.service.impl.processor.SimpleTextProcessorServiceTest]
15:41:29.441 [main] DEBUG org.springframework.test.annotation.ProfileValueUtils - Retrieved ProfileValueSource type [class org.springframework.test.annotation.SystemProfileValueSource] for class [com.vir.service.impl.processor.SimpleTextProcessorServiceTest]
]]></system-out>
  </testcase>
  <testcase name="process_DogWithDotTestGoodTest_ReturnsValidList" classname="com.vir.service.impl.processor.SimpleTextProcessorServiceTest" time="0">
    <skipped/>
  </testcase>
  <testcase name="process_WordDogWithCapitalLettersAndADot_ReturnsADogValue" classname="com.vir.service.impl.processor.SimpleTextProcessorServiceTest" time="0">
    <skipped/>
  </testcase>
  <testcase name="process_UnknownWord_ReturnsWordWithoutData" classname="com.vir.service.impl.processor.SimpleTextProcessorServiceTest" time="0">
    <skipped/>
  </testcase>
</testsuite>