<?xml version="1.0" encoding="UTF-8"?>
<testsuite name="com.vir.model.translator.WordTranslatorTest" time="0" tests="1" errors="0" skipped="1" failures="0">
  <properties>
[...]
</properties>
  <testcase name="fromCSVRecordToWord_WithCSVRecord_ReturnsWord" classname="com.vir.model.translator.WordTranslatorTest" time="0">
    <skipped/>
    <system-out><![CDATA[04:47:57.002 [main] DEBUG org.springframework.test.context.junit4.SpringJUnit4ClassRunner - SpringJUnit4ClassRunner constructor called with [class com.vir.model.translator.WordTranslatorTest]
04:47:57.002 [main] DEBUG org.springframework.test.context.BootstrapUtils - Instantiating CacheAwareContextLoaderDelegate from class [org.springframework.test.context.cache.DefaultCacheAwareContextLoaderDelegate]
04:47:57.002 [main] DEBUG org.springframework.test.context.BootstrapUtils - Instantiating BootstrapContext using constructor [public org.springframework.test.context.support.DefaultBootstrapContext(java.lang.Class,org.springframework.test.context.CacheAwareContextLoaderDelegate)]
04:47:57.002 [main] DEBUG org.springframework.test.context.BootstrapUtils - Instantiating TestContextBootstrapper for test class [com.vir.model.translator.WordTranslatorTest] from class [org.springframework.boot.test.context.SpringBootTestContextBootstrapper]
04:47:57.002 [main] INFO org.springframework.boot.test.context.SpringBootTestContextBootstrapper - Neither @ContextConfiguration nor @ContextHierarchy found for test class [com.vir.model.translator.WordTranslatorTest], using SpringBootContextLoader
04:47:57.003 [main] DEBUG org.springframework.test.context.support.AbstractContextLoader - Did not detect default resource location for test class [com.vir.model.translator.WordTranslatorTest]: class path resource [com/vir/model/translator/WordTranslatorTest-context.xml] does not exist
04:47:57.003 [main] DEBUG org.springframework.test.context.support.AbstractContextLoader - Did not detect default resource location for test class [com.vir.model.translator.WordTranslatorTest]: class path resource [com/vir/model/translator/WordTranslatorTestContext.groovy] does not exist
04:47:57.004 [main] INFO org.springframework.test.context.support.AbstractContextLoader - Could not detect default resource locations for test class [com.vir.model.translator.WordTranslatorTest]: no resource found for suffixes {-context.xml, Context.groovy}.
04:47:57.004 [main] INFO org.springframework.test.context.support.AnnotationConfigContextLoaderUtils - Could not detect default configuration classes for test class [com.vir.model.translator.WordTranslatorTest]: WordTranslatorTest does not declare any static, non-private, non-final, nested classes annotated with @Configuration.
04:47:57.008 [main] DEBUG org.springframework.core.env.StandardEnvironment - Adding [systemProperties] PropertySource with lowest search precedence
04:47:57.008 [main] DEBUG org.springframework.core.env.StandardEnvironment - Adding [systemEnvironment] PropertySource with lowest search precedence
04:47:57.008 [main] DEBUG org.springframework.core.env.StandardEnvironment - Initialized StandardEnvironment with PropertySources [systemProperties,systemEnvironment]
04:47:57.008 [main] INFO org.springframework.boot.test.context.SpringBootTestContextBootstrapper - Found @SpringBootConfiguration com.vir.VirBackendApplication for test class com.vir.model.translator.WordTranslatorTest
04:47:57.008 [main] DEBUG org.springframework.boot.test.context.SpringBootTestContextBootstrapper - @TestExecutionListeners is not present for class [com.vir.model.translator.WordTranslatorTest]: using defaults.
04:47:57.012 [main] INFO org.springframework.boot.test.context.SpringBootTestContextBootstrapper - Loaded default TestExecutionListener class names from location [META-INF/spring.factories]: [org.springframework.boot.test.mock.mockito.MockitoTestExecutionListener, org.springframework.boot.test.mock.mockito.ResetMocksTestExecutionListener, org.springframework.boot.test.autoconfigure.restdocs.RestDocsTestExecutionListener, org.springframework.boot.test.autoconfigure.web.client.MockRestServiceServerResetTestExecutionListener, org.springframework.boot.test.autoconfigure.web.servlet.MockMvcPrintOnlyOnFailureTestExecutionListener, org.springframework.boot.test.autoconfigure.web.servlet.WebDriverTestExecutionListener, org.springframework.test.context.web.ServletTestExecutionListener, org.springframework.test.context.support.DirtiesContextBeforeModesTestExecutionListener, org.springframework.test.context.support.DependencyInjectionTestExecutionListener, org.springframework.test.context.support.DirtiesContextTestExecutionListener, org.springframework.test.context.transaction.TransactionalTestExecutionListener, org.springframework.test.context.jdbc.SqlScriptsTestExecutionListener]
04:47:57.016 [main] INFO org.springframework.boot.test.context.SpringBootTestContextBootstrapper - Using TestExecutionListeners: [org.springframework.test.context.web.ServletTestExecutionListener@5827af16, org.springframework.test.context.support.DirtiesContextBeforeModesTestExecutionListener@654d8173, org.springframework.boot.test.autoconfigure.SpringBootDependencyInjectionTestExecutionListener@56c9bbd8, org.springframework.test.context.support.DirtiesContextTestExecutionListener@630cb4a4, org.springframework.test.context.transaction.TransactionalTestExecutionListener@636e8cc, org.springframework.test.context.jdbc.SqlScriptsTestExecutionListener@f79a760, org.springframework.boot.test.autoconfigure.restdocs.RestDocsTestExecutionListener@14f5da2c, org.springframework.boot.test.autoconfigure.web.servlet.MockMvcPrintOnlyOnFailureTestExecutionListener@12dae582, org.springframework.boot.test.mock.mockito.MockitoTestExecutionListener@239b0f9d, org.springframework.boot.test.autoconfigure.web.servlet.WebDriverTestExecutionListener@619bfe29, org.springframework.boot.test.mock.mockito.ResetMocksTestExecutionListener@5b057c8c, org.springframework.boot.test.autoconfigure.web.client.MockRestServiceServerResetTestExecutionListener@1eb6749b]
04:47:57.016 [main] DEBUG org.springframework.test.annotation.ProfileValueUtils - Retrieved @ProfileValueSourceConfiguration [null] for test class [com.vir.model.translator.WordTranslatorTest]
04:47:57.016 [main] DEBUG org.springframework.test.annotation.ProfileValueUtils - Retrieved ProfileValueSource type [class org.springframework.test.annotation.SystemProfileValueSource] for class [com.vir.model.translator.WordTranslatorTest]
04:47:57.016 [main] DEBUG org.springframework.test.annotation.ProfileValueUtils - Retrieved @ProfileValueSourceConfiguration [null] for test class [com.vir.model.translator.WordTranslatorTest]
04:47:57.016 [main] DEBUG org.springframework.test.annotation.ProfileValueUtils - Retrieved ProfileValueSource type [class org.springframework.test.annotation.SystemProfileValueSource] for class [com.vir.model.translator.WordTranslatorTest]
]]></system-out>
  </testcase>
</testsuite>