<?xml version="1.0" encoding="UTF-8"?>
<testsuite name="com.vir.controller.AnalizerControlerTest" time="0" tests="2" errors="0" skipped="2" failures="0">
  <properties>
[...]
</properties>
  <testcase name="analizeText_Endpoint_Returns200Ok" classname="com.vir.controller.AnalizerControlerTest" time="0">
    <skipped/>
    <system-out><![CDATA[04:47:56.880 [main] DEBUG org.springframework.test.context.junit4.SpringJUnit4ClassRunner - SpringJUnit4ClassRunner constructor called with [class com.vir.controller.AnalizerControlerTest]
04:47:56.880 [main] DEBUG org.springframework.test.context.BootstrapUtils - Instantiating CacheAwareContextLoaderDelegate from class [org.springframework.test.context.cache.DefaultCacheAwareContextLoaderDelegate]
04:47:56.880 [main] DEBUG org.springframework.test.context.BootstrapUtils - Instantiating BootstrapContext using constructor [public org.springframework.test.context.support.DefaultBootstrapContext(java.lang.Class,org.springframework.test.context.CacheAwareContextLoaderDelegate)]
04:47:56.880 [main] DEBUG org.springframework.test.context.BootstrapUtils - Instantiating TestContextBootstrapper for test class [com.vir.controller.AnalizerControlerTest] from class [org.springframework.boot.test.context.SpringBootTestContextBootstrapper]
04:47:56.880 [main] INFO org.springframework.boot.test.context.SpringBootTestContextBootstrapper - Neither @ContextConfiguration nor @ContextHierarchy found for test class [com.vir.controller.AnalizerControlerTest], using SpringBootContextLoader
04:47:56.881 [main] DEBUG org.springframework.test.context.support.AbstractContextLoader - Did not detect default resource location for test class [com.vir.controller.AnalizerControlerTest]: class path resource [com/vir/controller/AnalizerControlerTest-context.xml] does not exist
04:47:56.881 [main] DEBUG org.springframework.test.context.support.AbstractContextLoader - Did not detect default resource location for test class [com.vir.controller.AnalizerControlerTest]: class path resource [com/vir/controller/AnalizerControlerTestContext.groovy] does not exist
04:47:56.882 [main] INFO org.springframework.test.context.support.AbstractContextLoader - Could not detect default resource locations for test class [com.vir.controller.AnalizerControlerTest]: no resource found for suffixes {-context.xml, Context.groovy}.
04:47:56.882 [main] INFO org.springframework.test.context.support.AnnotationConfigContextLoaderUtils - Could not detect default configuration classes for test class [com.vir.controller.AnalizerControlerTest]: AnalizerControlerTest does not declare any static, non-private, non-final, nested classes annotated with @Configuration.
04:47:56.891 [main] DEBUG org.springframework.core.env.StandardEnvironment - Adding [systemProperties] PropertySource with lowest search precedence
04:47:56.891 [main] DEBUG org.springframework.core.env.StandardEnvironment - Adding [systemEnvironment] PropertySource with lowest search precedence
04:47:56.891 [main] DEBUG org.springframework.core.env.StandardEnvironment - Initialized StandardEnvironment with PropertySources [systemProperties,systemEnvironment]
04:47:56.892 [main] INFO org.springframework.boot.test.context.SpringBootTestContextBootstrapper - Found @SpringBootConfiguration com.vir.VirBackendApplication for test class com.vir.controller.AnalizerControlerTest
04:47:56.892 [main] DEBUG org.springframework.boot.test.context.SpringBootTestContextBootstrapper - @TestExecutionListeners is not present for class [com.vir.controller.AnalizerControlerTest]: using defaults.
04:47:56.897 [main] INFO org.springframework.boot.test.context.SpringBootTestContextBootstrapper - Loaded default TestExecutionListener class names from location [META-INF/spring.factories]: [org.springframework.boot.test.mock.mockito.MockitoTestExecutionListener, org.springframework.boot.test.mock.mockito.ResetMocksTestExecutionListener, org.springframework.boot.test.autoconfigure.restdocs.RestDocsTestExecutionListener, org.springframework.boot.test.autoconfigure.web.client.MockRestServiceServerResetTestExecutionListener, org.springframework.boot.test.autoconfigure.web.servlet.MockMvcPrintOnlyOnFailureTestExecutionListener, org.springframework.boot.test.autoconfigure.web.servlet.WebDriverTestExecutionListener, org.springframework.test.context.web.ServletTestExecutionListener, org.springframework.test.context.support.DirtiesContextBeforeModesTestExecutionListener, org.springframework.test.context.support.DependencyInjectionTestExecutionListener, org.springframework.test.context.support.DirtiesContextTestExecutionListener, org.springframework.test.context.transaction.TransactionalTestExecutionListener, org.springframework.test.context.jdbc.SqlScriptsTestExecutionListener]
04:47:56.902 [main] INFO org.springframework.boot.test.context.SpringBootTestContextBootstrapper - Using TestExecutionListeners: [org.springframework.test.context.web.ServletTestExecutionListener@32193bea, org.springframework.test.context.support.DirtiesContextBeforeModesTestExecutionListener@6b8d96d9, org.springframework.boot.test.autoconfigure.SpringBootDependencyInjectionTestExecutionListener@69653e16, org.springframework.test.context.support.DirtiesContextTestExecutionListener@758705fa, org.springframework.test.context.transaction.TransactionalTestExecutionListener@ebaa6cb, org.springframework.test.context.jdbc.SqlScriptsTestExecutionListener@906d29b, org.springframework.boot.test.autoconfigure.restdocs.RestDocsTestExecutionListener@49d3c823, org.springframework.boot.test.autoconfigure.web.servlet.MockMvcPrintOnlyOnFailureTestExecutionListener@436bc36, org.springframework.boot.test.mock.mockito.MockitoTestExecutionListener@5fe1ce85, org.springframework.boot.test.autoconfigure.web.servlet.WebDriverTestExecutionListener@604c5de8, org.springframework.boot.test.mock.mockito.ResetMocksTestExecutionListener@37091312, org.springframework.boot.test.autoconfigure.web.client.MockRestServiceServerResetTestExecutionListener@66fdec9]
04:47:56.903 [main] DEBUG org.springframework.test.annotation.ProfileValueUtils - Retrieved @ProfileValueSourceConfiguration [null] for test class [com.vir.controller.AnalizerControlerTest]
04:47:56.903 [main] DEBUG org.springframework.test.annotation.ProfileValueUtils - Retrieved ProfileValueSource type [class org.springframework.test.annotation.SystemProfileValueSource] for class [com.vir.controller.AnalizerControlerTest]
04:47:56.903 [main] DEBUG org.springframework.test.annotation.ProfileValueUtils - Retrieved @ProfileValueSourceConfiguration [null] for test class [com.vir.controller.AnalizerControlerTest]
04:47:56.903 [main] DEBUG org.springframework.test.annotation.ProfileValueUtils - Retrieved ProfileValueSource type [class org.springframework.test.annotation.SystemProfileValueSource] for class [com.vir.controller.AnalizerControlerTest]
]]></system-out>
  </testcase>
  <testcase name="analizePdf_Endpoint_Returns200Ok" classname="com.vir.controller.AnalizerControlerTest" time="0">
    <skipped/>
  </testcase>
</testsuite>