<?xml version="1.0" encoding="UTF-8"?>
<testsuite name="com.vir.service.impl.processor.ImgProcessorServiceTest" time="0" tests="4" errors="0" skipped="4" failures="0">
  <properties>
[...]
</properties>
  <testcase name="process_WithImgFile" classname="com.vir.service.impl.processor.ImgProcessorServiceTest" time="0">
    <skipped/>
  </testcase>
  <testcase name="testImg" classname="com.vir.service.impl.processor.ImgProcessorServiceTest" time="0">
    <skipped/>
  </testcase>
  <testcase name="process_WithImgFileWithColumns" classname="com.vir.service.impl.processor.ImgProcessorServiceTest" time="0">
    <skipped/>
  </testcase>
  <testcase name="testDifferentFormats" classname="com.vir.service.impl.processor.ImgProcessorServiceTest" time="0">
    <skipped/>
  </testcase>
</testsuite>